<?xml version="1.0" encoding="UTF-8"?>
<!-- Generated by org.testng.reporters.JUnitXMLReporter -->
<testsuite ignored="0" hostname="shaikrasool11-test1-b8zst0d26gf" failures="0" tests="3" name="MacOSTest" time="82.61" errors="0" timestamp="09 Feb 2022 06:34:57 GMT">
  <testcase classname="MyRunner.TestRunner" name="feature" time="8.856"/>
  <testcase classname="MyRunner.TestRunner" name="feature" time="17.929"/>
  <testcase classname="MyRunner.TestRunner" name="feature" time="6.136"/>
</testsuite> <!-- MacOSTest -->
