<?xml version="1.0" encoding="UTF-8"?>
<!-- Generated by org.testng.reporters.JUnitXMLReporter -->
<testsuite ignored="0" hostname="shaikrasool11-test1-b8zst0d26gf" failures="0" tests="3" name="Windows-10" time="117.444" errors="0" timestamp="09 Feb 2022 06:35:32 GMT">
  <testcase classname="MyRunner.TestRunner" name="feature" time="8.09"/>
  <testcase classname="MyRunner.TestRunner" name="feature" time="9.548"/>
  <testcase classname="MyRunner.TestRunner" name="feature" time="5.714"/>
</testsuite> <!-- Windows-10 -->
