<?xml version="1.0" encoding="UTF-8"?>
<!-- Generated by org.testng.reporters.JUnitXMLReporter -->
<testsuite ignored="0" hostname="shaikrasool11-test1-b8zst0d26gf" failures="0" tests="3" name="Windows 10 Test" time="133.566" errors="0" timestamp="09 Feb 2022 06:35:48 GMT">
  <testcase classname="MyRunner.TestRunner" name="feature" time="7.849"/>
  <testcase classname="MyRunner.TestRunner" name="feature" time="9.084"/>
  <testcase classname="MyRunner.TestRunner" name="feature" time="9.658"/>
</testsuite> <!-- Windows 10 Test -->
