<?xml version="1.0" encoding="UTF-8"?>
<!-- Generated by org.testng.reporters.JUnitXMLReporter -->
<testsuite ignored="0" hostname="shaikrasool11-test1-b8zst0d26gf" failures="0" tests="3" name="Windows 7 Test" time="74.582" errors="0" timestamp="09 Feb 2022 06:34:49 GMT">
  <testcase classname="MyRunner.TestRunner" name="feature" time="8.169"/>
  <testcase classname="MyRunner.TestRunner" name="feature" time="9.17"/>
  <testcase classname="MyRunner.TestRunner" name="feature" time="6.269"/>
</testsuite> <!-- Windows 7 Test -->
