<?xml version="1.0" encoding="UTF-8"?>
<testsuite xmlns:xsi="http://www.w3.org/2001/XMLSchema-instance" xsi:noNamespaceSchemaLocation="https://maven.apache.org/surefire/maven-surefire-plugin/xsd/surefire-test-report.xsd" name="TestSuite" time="134.271" tests="12" errors="0" skipped="0" failures="0">
  <properties>
[...]
</properties>
  <testcase name="feature" classname="MyRunner.TestRunner" time="7.577"/>
  <testcase name="feature" classname="MyRunner.TestRunner" time="7.849"/>
  <testcase name="feature" classname="MyRunner.TestRunner" time="8.048"/>
  <testcase name="feature" classname="MyRunner.TestRunner" time="8.169"/>
  <testcase name="feature" classname="MyRunner.TestRunner" time="7.95"/>
  <testcase name="feature" classname="MyRunner.TestRunner" time="17.93"/>
  <testcase name="feature" classname="MyRunner.TestRunner" time="6.27"/>
  <testcase name="feature" classname="MyRunner.TestRunner" time="6.137"/>
  <testcase name="feature" classname="MyRunner.TestRunner" time="9.548"/>
  <testcase name="feature" classname="MyRunner.TestRunner" time="9.085"/>
  <testcase name="feature" classname="MyRunner.TestRunner" time="5.714"/>
  <testcase name="feature" classname="MyRunner.TestRunner" time="9.657"/>
</testsuite>